{"D:\\code\\git\\node-sever\\src\\app.js":{"path":"D:\\code\\git\\node-sever\\src\\app.js","s":{"1":1,"2":1,"3":1,"4":1,"5":7,"6":7,"7":7,"8":4,"9":1},"b":{},"f":{},"fnMap":{},"statementMap":{"1":{"start":{"line":1,"column":0},"end":{"line":1,"column":35}},"2":{"start":{"line":2,"column":0},"end":{"line":2,"column":41}},"3":{"start":{"line":3,"column":0},"end":{"line":3,"column":22}},"4":{"start":{"line":5,"column":0},"end":{"line":12,"column":2}},"5":{"start":{"line":6,"column":2},"end":{"line":6,"column":31}},"6":{"start":{"line":7,"column":2},"end":{"line":11,"column":3}},"7":{"start":{"line":8,"column":4},"end":{"line":8,"column":35}},"8":{"start":{"line":10,"column":4},"end":{"line":10,"column":35}},"9":{"start":{"line":14,"column":0},"end":{"line":14,"column":21}}},"branchMap":{}},"D:\\code\\git\\node-sever\\src\\fibonacci.js":{"path":"D:\\code\\git\\node-sever\\src\\fibonacci.js","s":{"1":1,"2":183,"3":1,"4":182,"5":2,"6":180,"7":1,"8":179,"9":0,"10":179,"11":35,"12":144,"13":56,"14":88,"15":1,"16":0,"17":0,"18":1},"b":{"1":[1,182],"2":[183,183],"3":[2,180],"4":[1,179],"5":[0,179],"6":[35,144],"7":[56,88],"8":[0,1]},"f":{},"fnMap":{},"statementMap":{"1":{"start":{"line":1,"column":0},"end":{"line":12,"column":2}},"2":{"start":{"line":2,"column":2},"end":{"line":4,"column":3}},"3":{"start":{"line":3,"column":4},"end":{"line":3,"column":44}},"4":{"start":{"line":5,"column":2},"end":{"line":5,"column":47}},"5":{"start":{"line":5,"column":14},"end":{"line":5,"column":47}},"6":{"start":{"line":6,"column":2},"end":{"line":6,"column":45}},"7":{"start":{"line":6,"column":13},"end":{"line":6,"column":45}},"8":{"start":{"line":7,"column":2},"end":{"line":7,"column":68}},"9":{"start":{"line":7,"column":29},"end":{"line":7,"column":68}},"10":{"start":{"line":9,"column":2},"end":{"line":9,"column":23}},"11":{"start":{"line":9,"column":15},"end":{"line":9,"column":23}},"12":{"start":{"line":10,"column":2},"end":{"line":10,"column":23}},"13":{"start":{"line":10,"column":15},"end":{"line":10,"column":23}},"14":{"start":{"line":11,"column":2},"end":{"line":11,"column":44}},"15":{"start":{"line":14,"column":0},"end":{"line":17,"column":1}},"16":{"start":{"line":15,"column":2},"end":{"line":15,"column":36}},"17":{"start":{"line":16,"column":2},"end":{"line":16,"column":55}},"18":{"start":{"line":19,"column":0},"end":{"line":19,"column":27}}},"branchMap":{"1":{"line":2,"type":"if","locations":[{"start":{"line":2,"column":2},"end":{"line":2,"column":2}},{"start":{"line":2,"column":2},"end":{"line":2,"column":2}}]},"2":{"line":2,"type":"binary-expr","locations":[{"start":{"line":2,"column":6},"end":{"line":2,"column":27}},{"start":{"line":2,"column":31},"end":{"line":2,"column":39}}]},"3":{"line":5,"type":"if","locations":[{"start":{"line":5,"column":2},"end":{"line":5,"column":2}},{"start":{"line":5,"column":2},"end":{"line":5,"column":2}}]},"4":{"line":6,"type":"if","locations":[{"start":{"line":6,"column":2},"end":{"line":6,"column":2}},{"start":{"line":6,"column":2},"end":{"line":6,"column":2}}]},"5":{"line":7,"type":"if","locations":[{"start":{"line":7,"column":2},"end":{"line":7,"column":2}},{"start":{"line":7,"column":2},"end":{"line":7,"column":2}}]},"6":{"line":9,"type":"if","locations":[{"start":{"line":9,"column":2},"end":{"line":9,"column":2}},{"start":{"line":9,"column":2},"end":{"line":9,"column":2}}]},"7":{"line":10,"type":"if","locations":[{"start":{"line":10,"column":2},"end":{"line":10,"column":2}},{"start":{"line":10,"column":2},"end":{"line":10,"column":2}}]},"8":{"line":14,"type":"if","locations":[{"start":{"line":14,"column":0},"end":{"line":14,"column":0}},{"start":{"line":14,"column":0},"end":{"line":14,"column":0}}]}}}}