TN:
SF:D:\code\git\node-sever\src\app.js
FNF:0
FNH:0
DA:1,1
DA:2,1
DA:3,1
DA:5,1
DA:6,7
DA:7,7
DA:8,7
DA:10,4
DA:14,1
LF:9
LH:9
BRF:0
BRH:0
end_of_record
TN:
SF:D:\code\git\node-sever\src\fibonacci.js
FNF:0
FNH:0
DA:1,1
DA:2,183
DA:3,1
DA:5,182
DA:6,180
DA:7,179
DA:9,179
DA:10,144
DA:11,88
DA:14,1
DA:15,0
DA:16,0
DA:19,1
LF:13
LH:11
BRDA:2,1,0,1
BRDA:2,1,1,182
BRDA:2,2,0,183
BRDA:2,2,1,183
BRDA:5,3,0,2
BRDA:5,3,1,180
BRDA:6,4,0,1
BRDA:6,4,1,179
BRDA:7,5,0,0
BRDA:7,5,1,179
BRDA:9,6,0,35
BRDA:9,6,1,144
BRDA:10,7,0,56
BRDA:10,7,1,88
BRDA:14,8,0,0
BRDA:14,8,1,1
BRF:16
BRH:14
end_of_record
